<?xml version="1.0" encoding="UTF-8"?>
<!-- Generated by org.testng.reporters.JUnitXMLReporter -->
<testsuite ignored="1" hostname="PCIN475022" failures="0" tests="1" name="Default test" time="22.364" errors="0" timestamp="2021-01-28T20:28:19 IST">
  <testcase classname="com.automation.testcases.LoginPageTest" name="VerifyLoginPagetitle" time="0.122"/>
  <testcase classname="com.automation.testcases.LoginPageTest" name="LogontoAccount" time="0.0">
    <ignored/>
  </testcase> <!-- LogontoAccount -->
</testsuite> <!-- Default test -->
