<?xml version="1.0" encoding="UTF-8"?>
<!-- Generated by org.testng.reporters.JUnitXMLReporter -->
<testsuite ignored="0" hostname="Dinesh" failures="0" tests="9" name="Test" time="56.232" errors="0" timestamp="2021-01-17T20:58:40 IST">
  <testcase classname="com.automation.testcases.HomepageTest" name="SuccessfullSubmitNewsletter" time="3.718"/>
  <testcase classname="com.automation.testcases.HomepageTest" name="UnSuccessfullSubmitNewsletter" time="3.315"/>
  <testcase classname="com.automation.testcases.HomepageTest" name="VerifytheLinkText" time="0.054"/>
  <testcase classname="com.automation.testcases.HomepageTest" name="VerifytheLinkTextThree" time="0.077"/>
  <testcase classname="com.automation.testcases.HomepageTest" name="VerifytheLinkTextTwo" time="0.046"/>
  <testcase classname="com.automation.testcases.HomepageTest" name="VerifythePageTitle" time="0.011"/>
  <testcase classname="com.automation.testcases.HomepageTest" name="EnterSigninPage" time="8.886"/>
  <testcase classname="com.automation.testcases.LoginPageTest" name="LogontoAccount" time="3.115"/>
  <testcase classname="com.automation.testcases.LoginPageTest" name="VerifyLoginPagetitle" time="0.032"/>
</testsuite> <!-- Test -->
