<?xml version="1.0" encoding="UTF-8"?>
<!-- Generated by org.testng.reporters.JUnitXMLReporter -->
<testsuite ignored="0" hostname="Dinesh" failures="1" tests="9" name="Automation Practice Site Test" time="52.421" errors="0" timestamp="2021-01-28T13:04:03 IST">
  <testcase classname="com.automation.testcases.HomepageTest" name="SuccessfullSubmitNewsletter" time="2.885"/>
  <testcase classname="com.automation.testcases.HomepageTest" name="UnSuccessfullSubmitNewsletter" time="2.804"/>
  <testcase classname="com.automation.testcases.HomepageTest" name="VerifytheLinkText" time="0.127"/>
  <testcase classname="com.automation.testcases.HomepageTest" name="VerifytheLinkTextThree" time="0.169"/>
  <testcase classname="com.automation.testcases.HomepageTest" name="VerifytheLinkTextTwo" time="0.122"/>
  <testcase classname="com.automation.testcases.HomepageTest" name="VerifythePageTitle" time="0.044"/>
  <testcase classname="com.automation.testcases.HomepageTest" name="EnterSigninPage" time="9.315">
    <failure type="java.lang.AssertionError" message="expected [Login - y Store] but found [Login - My Store]">
      <![CDATA[java.lang.AssertionError: expected [Login - y Store] but found [Login - My Store]
at com.automation.testcases.HomepageTest.EnterSigninPage(HomepageTest.java:91)
at java.base/java.util.ArrayList.forEach(ArrayList.java:1511)
... Removed 33 stack frames]]>
    </failure>
  </testcase> <!-- EnterSigninPage -->
  <testcase classname="com.automation.testcases.LoginPageTest" name="LogontoAccount" time="7.338"/>
  <testcase classname="com.automation.testcases.LoginPageTest" name="VerifyLoginPagetitle" time="0.053"/>
</testsuite> <!-- Automation Practice Site Test -->
