<?xml version="1.0" encoding="UTF-8"?>
<testng-results ignored="0" total="9" passed="8" failed="1" skipped="0">
  <reporter-output>
  </reporter-output>
  <suite started-at="2021-01-28T13:03:10 IST" name="Automatiion Practice Site" finished-at="2021-01-28T13:04:03 IST" duration-ms="52421">
    <groups>
    </groups>
    <test started-at="2021-01-28T13:03:10 IST" name="Automation Practice Site Test" finished-at="2021-01-28T13:04:03 IST" duration-ms="52421">
      <class name="com.automation.testcases.HomepageTest">
        <test-method is-config="true" signature="setup()[pri:0, instance:com.automation.testcases.HomepageTest@3514a4c0]" started-at="2021-01-28T13:03:10 IST" name="setup" finished-at="2021-01-28T13:03:22 IST" duration-ms="11910" status="PASS">
          <reporter-output>
          </reporter-output>
        </test-method> <!-- setup -->
        <test-method signature="SuccessfullSubmitNewsletter()[pri:0, instance:com.automation.testcases.HomepageTest@3514a4c0]" started-at="2021-01-28T13:03:22 IST" name="SuccessfullSubmitNewsletter" finished-at="2021-01-28T13:03:25 IST" duration-ms="2885" status="PASS">
          <reporter-output>
          </reporter-output>
        </test-method> <!-- SuccessfullSubmitNewsletter -->
        <test-method signature="UnSuccessfullSubmitNewsletter()[pri:1, instance:com.automation.testcases.HomepageTest@3514a4c0]" started-at="2021-01-28T13:03:25 IST" name="UnSuccessfullSubmitNewsletter" finished-at="2021-01-28T13:03:28 IST" duration-ms="2804" status="PASS">
          <reporter-output>
          </reporter-output>
        </test-method> <!-- UnSuccessfullSubmitNewsletter -->
        <test-method signature="VerifytheLinkText()[pri:1, instance:com.automation.testcases.HomepageTest@3514a4c0]" started-at="2021-01-28T13:03:28 IST" name="VerifytheLinkText" finished-at="2021-01-28T13:03:28 IST" duration-ms="127" status="PASS">
          <reporter-output>
          </reporter-output>
        </test-method> <!-- VerifytheLinkText -->
        <test-method signature="VerifytheLinkTextThree()[pri:1, instance:com.automation.testcases.HomepageTest@3514a4c0]" started-at="2021-01-28T13:03:28 IST" name="VerifytheLinkTextThree" finished-at="2021-01-28T13:03:28 IST" duration-ms="169" status="PASS">
          <reporter-output>
          </reporter-output>
        </test-method> <!-- VerifytheLinkTextThree -->
        <test-method signature="VerifytheLinkTextTwo()[pri:1, instance:com.automation.testcases.HomepageTest@3514a4c0]" started-at="2021-01-28T13:03:28 IST" name="VerifytheLinkTextTwo" finished-at="2021-01-28T13:03:29 IST" duration-ms="122" status="PASS">
          <reporter-output>
          </reporter-output>
        </test-method> <!-- VerifytheLinkTextTwo -->
        <test-method signature="VerifythePageTitle()[pri:1, instance:com.automation.testcases.HomepageTest@3514a4c0]" started-at="2021-01-28T13:03:29 IST" name="VerifythePageTitle" finished-at="2021-01-28T13:03:29 IST" duration-ms="44" status="PASS">
          <reporter-output>
          </reporter-output>
        </test-method> <!-- VerifythePageTitle -->
        <test-method signature="EnterSigninPage()[pri:2, instance:com.automation.testcases.HomepageTest@3514a4c0]" started-at="2021-01-28T13:03:29 IST" name="EnterSigninPage" finished-at="2021-01-28T13:03:38 IST" duration-ms="9315" status="FAIL">
          <exception class="java.lang.AssertionError">
            <message>
              <![CDATA[expected [Login - y Store] but found [Login - My Store]]]>
            </message>
            <full-stacktrace>
              <![CDATA[java.lang.AssertionError: expected [Login - y Store] but found [Login - My Store]
at org.testng.Assert.fail(Assert.java:99)
at org.testng.Assert.failNotEquals(Assert.java:1037)
at org.testng.Assert.assertEqualsImpl(Assert.java:140)
at org.testng.Assert.assertEquals(Assert.java:122)
at org.testng.Assert.assertEquals(Assert.java:629)
at org.testng.Assert.assertEquals(Assert.java:639)
at com.automation.testcases.HomepageTest.EnterSigninPage(HomepageTest.java:91)
at java.base/jdk.internal.reflect.NativeMethodAccessorImpl.invoke0(Native Method)
at java.base/jdk.internal.reflect.NativeMethodAccessorImpl.invoke(NativeMethodAccessorImpl.java:64)
at java.base/jdk.internal.reflect.DelegatingMethodAccessorImpl.invoke(DelegatingMethodAccessorImpl.java:43)
at java.base/java.lang.reflect.Method.invoke(Method.java:564)
at org.testng.internal.MethodInvocationHelper.invokeMethod(MethodInvocationHelper.java:132)
at org.testng.internal.TestInvoker.invokeMethod(TestInvoker.java:599)
at org.testng.internal.TestInvoker.invokeTestMethod(TestInvoker.java:174)
at org.testng.internal.MethodRunner.runInSequence(MethodRunner.java:46)
at org.testng.internal.TestInvoker$MethodInvocationAgent.invoke(TestInvoker.java:822)
at org.testng.internal.TestInvoker.invokeTestMethods(TestInvoker.java:147)
at org.testng.internal.TestMethodWorker.invokeTestMethods(TestMethodWorker.java:146)
at org.testng.internal.TestMethodWorker.run(TestMethodWorker.java:128)
at java.base/java.util.ArrayList.forEach(ArrayList.java:1511)
at org.testng.TestRunner.privateRun(TestRunner.java:764)
at org.testng.TestRunner.run(TestRunner.java:585)
at org.testng.SuiteRunner.runTest(SuiteRunner.java:384)
at org.testng.SuiteRunner.runSequentially(SuiteRunner.java:378)
at org.testng.SuiteRunner.privateRun(SuiteRunner.java:337)
at org.testng.SuiteRunner.run(SuiteRunner.java:286)
at org.testng.SuiteRunnerWorker.runSuite(SuiteRunnerWorker.java:53)
at org.testng.SuiteRunnerWorker.run(SuiteRunnerWorker.java:96)
at org.testng.TestNG.runSuitesSequentially(TestNG.java:1218)
at org.testng.TestNG.runSuitesLocally(TestNG.java:1140)
at org.testng.TestNG.runSuites(TestNG.java:1069)
at org.testng.TestNG.run(TestNG.java:1037)
at org.testng.remote.AbstractRemoteTestNG.run(AbstractRemoteTestNG.java:115)
at org.testng.remote.RemoteTestNG.initAndRun(RemoteTestNG.java:251)
at org.testng.remote.RemoteTestNG.main(RemoteTestNG.java:77)
]]>
            </full-stacktrace>
          </exception> <!-- java.lang.AssertionError -->
          <reporter-output>
          </reporter-output>
        </test-method> <!-- EnterSigninPage -->
        <test-method is-config="true" signature="tearDown()[pri:0, instance:com.automation.testcases.HomepageTest@3514a4c0]" started-at="2021-01-28T13:03:38 IST" name="tearDown" finished-at="2021-01-28T13:03:39 IST" duration-ms="1218" status="PASS">
          <reporter-output>
          </reporter-output>
        </test-method> <!-- tearDown -->
      </class> <!-- com.automation.testcases.HomepageTest -->
      <class name="com.automation.testcases.LoginPageTest">
        <test-method is-config="true" signature="setup()[pri:0, instance:com.automation.testcases.LoginPageTest@212b5695]" started-at="2021-01-28T13:03:39 IST" name="setup" finished-at="2021-01-28T13:03:54 IST" duration-ms="15075" status="PASS">
          <reporter-output>
          </reporter-output>
        </test-method> <!-- setup -->
        <test-method signature="LogontoAccount()[pri:0, instance:com.automation.testcases.LoginPageTest@212b5695]" started-at="2021-01-28T13:03:54 IST" name="LogontoAccount" finished-at="2021-01-28T13:04:02 IST" duration-ms="7338" status="PASS">
          <reporter-output>
          </reporter-output>
        </test-method> <!-- LogontoAccount -->
        <test-method signature="VerifyLoginPagetitle()[pri:0, instance:com.automation.testcases.LoginPageTest@212b5695]" started-at="2021-01-28T13:04:02 IST" name="VerifyLoginPagetitle" finished-at="2021-01-28T13:04:02 IST" duration-ms="53" status="PASS">
          <reporter-output>
          </reporter-output>
        </test-method> <!-- VerifyLoginPagetitle -->
        <test-method is-config="true" signature="tearDown()[pri:0, instance:com.automation.testcases.LoginPageTest@212b5695]" started-at="2021-01-28T13:04:02 IST" name="tearDown" finished-at="2021-01-28T13:04:03 IST" duration-ms="1253" status="PASS">
          <reporter-output>
          </reporter-output>
        </test-method> <!-- tearDown -->
      </class> <!-- com.automation.testcases.LoginPageTest -->
    </test> <!-- Automation Practice Site Test -->
  </suite> <!-- Automatiion Practice Site -->
</testng-results>
